<?xml version="1.0" encoding="UTF-8"?>
<!-- Generated by org.testng.reporters.JUnitReportReporter -->
<testsuite hostname="DESKTOP-2C8HLV1" name="driverFactory.DriverScript" tests="1" failures="0" timestamp="26 Aug 2022 12:39:50 GMT" time="26.550" errors="0">
  <testcase name="Login" time="26.550" classname="driverFactory.DriverScript"/>
</testsuite> <!-- driverFactory.DriverScript -->
